2022-06-26 20:40:13 [main] INFO  com.cydeo.UserServiceApplication - Starting UserServiceApplication on ozzys-MBP with PID 39051 (/Users/ozzy/Documents/ticketing-project-microservices/user-service/target/classes started by ozzy in /Users/ozzy/Documents/ticketing-project-microservices)
2022-06-26 20:40:13 [main] INFO  com.cydeo.UserServiceApplication - No active profile set, falling back to default profiles: default
2022-06-26 20:40:13 [main] INFO  o.s.d.r.c.RepositoryConfigurationDelegate - Bootstrapping Spring Data JPA repositories in DEFERRED mode.
2022-06-26 20:40:13 [main] INFO  o.s.d.r.c.RepositoryConfigurationDelegate - Finished Spring Data repository scanning in 63 ms. Found 2 JPA repository interfaces.
2022-06-26 20:40:14 [main] INFO  o.s.b.w.e.tomcat.TomcatWebServer - Tomcat initialized with port(s): 9090 (http)
2022-06-26 20:40:14 [main] INFO  o.a.coyote.http11.Http11NioProtocol - Initializing ProtocolHandler ["http-nio-9090"]
2022-06-26 20:40:14 [main] INFO  o.a.catalina.core.StandardService - Starting service [Tomcat]
2022-06-26 20:40:14 [main] INFO  o.a.catalina.core.StandardEngine - Starting Servlet engine: [Apache Tomcat/9.0.64]
2022-06-26 20:40:14 [main] INFO  o.a.c.c.C.[Tomcat].[localhost].[/] - Initializing Spring embedded WebApplicationContext
2022-06-26 20:40:14 [main] INFO  o.s.b.w.s.c.ServletWebServerApplicationContext - Root WebApplicationContext: initialization completed in 1298 ms
2022-06-26 20:40:14 [task-1] INFO  o.h.jpa.internal.util.LogHelper - HHH000204: Processing PersistenceUnitInfo [name: default]
2022-06-26 20:40:14 [task-1] INFO  org.hibernate.Version - HHH000412: Hibernate ORM core version 5.6.9.Final
2022-06-26 20:40:14 [main] WARN  o.s.b.a.o.j.JpaBaseConfiguration$JpaWebConfiguration - spring.jpa.open-in-view is enabled by default. Therefore, database queries may be performed during view rendering. Explicitly configure spring.jpa.open-in-view to disable this warning
2022-06-26 20:40:14 [task-1] INFO  o.h.annotations.common.Version - HCANN000001: Hibernate Commons Annotations {5.1.2.Final}
2022-06-26 20:40:14 [task-1] INFO  com.zaxxer.hikari.HikariDataSource - HikariPool-1 - Starting...
2022-06-26 20:40:14 [main] INFO  o.a.coyote.http11.Http11NioProtocol - Starting ProtocolHandler ["http-nio-9090"]
2022-06-26 20:40:14 [main] INFO  o.s.b.w.e.tomcat.TomcatWebServer - Tomcat started on port(s): 9090 (http) with context path ''
2022-06-26 20:40:14 [main] INFO  o.s.d.r.c.DeferredRepositoryInitializationListener - Triggering deferred initialization of Spring Data repositories…
2022-06-26 20:40:15 [task-1] INFO  com.zaxxer.hikari.HikariDataSource - HikariPool-1 - Start completed.
2022-06-26 20:40:15 [task-1] INFO  org.hibernate.dialect.Dialect - HHH000400: Using dialect: org.hibernate.dialect.PostgreSQLDialect
2022-06-26 20:40:15 [task-1] INFO  o.h.e.t.j.p.i.JtaPlatformInitiator - HHH000490: Using JtaPlatform implementation: [org.hibernate.engine.transaction.jta.platform.internal.NoJtaPlatform]
2022-06-26 20:40:15 [task-1] INFO  o.s.o.j.LocalContainerEntityManagerFactoryBean - Initialized JPA EntityManagerFactory for persistence unit 'default'
2022-06-26 20:40:16 [main] INFO  o.s.d.r.c.DeferredRepositoryInitializationListener - Spring Data repositories initialized
2022-06-26 20:40:16 [main] INFO  com.cydeo.UserServiceApplication - Started UserServiceApplication in 3.35 seconds (JVM running for 4.772)
2022-06-26 20:41:55 [http-nio-9090-exec-1] INFO  o.a.c.c.C.[Tomcat].[localhost].[/] - Initializing Spring DispatcherServlet 'dispatcherServlet'
2022-06-26 20:41:55 [http-nio-9090-exec-1] INFO  o.s.web.servlet.DispatcherServlet - Initializing Servlet 'dispatcherServlet'
2022-06-26 20:41:55 [http-nio-9090-exec-1] INFO  o.s.web.servlet.DispatcherServlet - Completed initialization in 3 ms
2022-06-26 21:18:44 [HikariPool-1 housekeeper] WARN  com.zaxxer.hikari.pool.HikariPool - HikariPool-1 - Thread starvation or clock leap detected (housekeeper delta=1m59s188ms).
2022-06-26 21:26:52 [HikariPool-1 housekeeper] WARN  com.zaxxer.hikari.pool.HikariPool - HikariPool-1 - Thread starvation or clock leap detected (housekeeper delta=7m37s475ms).
2022-06-26 21:32:48 [SpringContextShutdownHook] INFO  o.s.o.j.LocalContainerEntityManagerFactoryBean - Closing JPA EntityManagerFactory for persistence unit 'default'
2022-06-26 21:32:48 [SpringContextShutdownHook] INFO  com.zaxxer.hikari.HikariDataSource - HikariPool-1 - Shutdown initiated...
2022-06-26 21:32:48 [SpringContextShutdownHook] INFO  com.zaxxer.hikari.HikariDataSource - HikariPool-1 - Shutdown completed.
2022-06-26 23:11:31 [main] INFO  com.cydeo.UserServiceApplication - Starting UserServiceApplication using Java 11.0.10 on ozzys-MBP with PID 43098 (/Users/ozzy/Documents/ticketing-project-microservices/user-service/target/classes started by ozzy in /Users/ozzy/Documents/ticketing-project-microservices)
2022-06-26 23:11:31 [main] INFO  com.cydeo.UserServiceApplication - No active profile set, falling back to 1 default profile: "default"
2022-06-26 23:11:32 [main] INFO  o.s.d.r.c.RepositoryConfigurationDelegate - Bootstrapping Spring Data JPA repositories in DEFAULT mode.
2022-06-26 23:11:32 [main] INFO  o.s.d.r.c.RepositoryConfigurationDelegate - Finished Spring Data repository scanning in 37 ms. Found 2 JPA repository interfaces.
2022-06-26 23:11:32 [main] INFO  o.s.b.w.e.tomcat.TomcatWebServer - Tomcat initialized with port(s): 9090 (http)
2022-06-26 23:11:32 [main] INFO  o.a.coyote.http11.Http11NioProtocol - Initializing ProtocolHandler ["http-nio-9090"]
2022-06-26 23:11:32 [main] INFO  o.a.catalina.core.StandardService - Starting service [Tomcat]
2022-06-26 23:11:32 [main] INFO  o.a.catalina.core.StandardEngine - Starting Servlet engine: [Apache Tomcat/9.0.63]
2022-06-26 23:11:32 [main] INFO  o.a.c.c.C.[Tomcat].[localhost].[/] - Initializing Spring embedded WebApplicationContext
2022-06-26 23:11:32 [main] INFO  o.s.b.w.s.c.ServletWebServerApplicationContext - Root WebApplicationContext: initialization completed in 913 ms
2022-06-26 23:11:32 [main] INFO  com.zaxxer.hikari.HikariDataSource - HikariPool-1 - Starting...
2022-06-26 23:11:32 [main] INFO  com.zaxxer.hikari.HikariDataSource - HikariPool-1 - Start completed.
2022-06-26 23:11:32 [main] INFO  o.h.jpa.internal.util.LogHelper - HHH000204: Processing PersistenceUnitInfo [name: default]
2022-06-26 23:11:32 [main] INFO  org.hibernate.Version - HHH000412: Hibernate ORM core version 5.6.9.Final
2022-06-26 23:11:32 [main] INFO  o.h.annotations.common.Version - HCANN000001: Hibernate Commons Annotations {5.1.2.Final}
2022-06-26 23:11:32 [main] INFO  org.hibernate.dialect.Dialect - HHH000400: Using dialect: org.hibernate.dialect.PostgreSQLDialect
2022-06-26 23:11:33 [main] INFO  o.h.e.t.j.p.i.JtaPlatformInitiator - HHH000490: Using JtaPlatform implementation: [org.hibernate.engine.transaction.jta.platform.internal.NoJtaPlatform]
2022-06-26 23:11:33 [main] INFO  o.s.o.j.LocalContainerEntityManagerFactoryBean - Initialized JPA EntityManagerFactory for persistence unit 'default'
2022-06-26 23:11:33 [main] WARN  o.s.b.a.o.j.JpaBaseConfiguration$JpaWebConfiguration - spring.jpa.open-in-view is enabled by default. Therefore, database queries may be performed during view rendering. Explicitly configure spring.jpa.open-in-view to disable this warning
2022-06-26 23:11:33 [main] INFO  o.a.coyote.http11.Http11NioProtocol - Starting ProtocolHandler ["http-nio-9090"]
2022-06-26 23:11:34 [main] INFO  o.s.b.w.e.tomcat.TomcatWebServer - Tomcat started on port(s): 9090 (http) with context path ''
2022-06-26 23:11:34 [main] INFO  com.cydeo.UserServiceApplication - Started UserServiceApplication in 2.797 seconds (JVM running for 3.557)
2022-06-26 23:11:41 [SpringApplicationShutdownHook] INFO  o.s.o.j.LocalContainerEntityManagerFactoryBean - Closing JPA EntityManagerFactory for persistence unit 'default'
2022-06-26 23:11:41 [SpringApplicationShutdownHook] INFO  com.zaxxer.hikari.HikariDataSource - HikariPool-1 - Shutdown initiated...
2022-06-26 23:11:41 [SpringApplicationShutdownHook] INFO  com.zaxxer.hikari.HikariDataSource - HikariPool-1 - Shutdown completed.
